{"/Users/nissim/Documents/dev/wild/alternance2/cm/testing/automated-testing/integration/index.js": {"path":"/Users/nissim/Documents/dev/wild/alternance2/cm/testing/automated-testing/integration/index.js","statementMap":{"0":{"start":{"line":1,"column":0},"end":{"line":1,"column":32}},"1":{"start":{"line":3,"column":16},"end":{"line":3,"column":34}},"2":{"start":{"line":4,"column":17},"end":{"line":4,"column":36}},"3":{"start":{"line":5,"column":15},"end":{"line":5,"column":32}},"4":{"start":{"line":6,"column":14},"end":{"line":6,"column":44}},"5":{"start":{"line":7,"column":16},"end":{"line":7,"column":46}},"6":{"start":{"line":8,"column":15},"end":{"line":8,"column":41}},"7":{"start":{"line":9,"column":21},"end":{"line":9,"column":69}},"8":{"start":{"line":11,"column":0},"end":{"line":11,"column":10}},"9":{"start":{"line":13,"column":12},"end":{"line":13,"column":21}},"10":{"start":{"line":15,"column":0},"end":{"line":15,"column":27}},"11":{"start":{"line":16,"column":0},"end":{"line":16,"column":23}},"12":{"start":{"line":17,"column":0},"end":{"line":17,"column":38}},"13":{"start":{"line":18,"column":0},"end":{"line":18,"column":15}},"14":{"start":{"line":20,"column":13},"end":{"line":20,"column":17}},"15":{"start":{"line":21,"column":15},"end":{"line":23,"column":1}},"16":{"start":{"line":22,"column":2},"end":{"line":22,"column":43}},"17":{"start":{"line":25,"column":0},"end":{"line":25,"column":24}}},"fnMap":{"0":{"name":"(anonymous_0)","decl":{"start":{"line":21,"column":52},"end":{"line":21,"column":53}},"loc":{"start":{"line":22,"column":2},"end":{"line":22,"column":43}},"line":22}},"branchMap":{"0":{"loc":{"start":{"line":21,"column":26},"end":{"line":21,"column":50}},"type":"binary-expr","locations":[{"start":{"line":21,"column":26},"end":{"line":21,"column":42}},{"start":{"line":21,"column":46},"end":{"line":21,"column":50}}],"line":21}},"s":{"0":1,"1":1,"2":1,"3":1,"4":1,"5":1,"6":1,"7":1,"8":1,"9":1,"10":1,"11":1,"12":1,"13":1,"14":1,"15":1,"16":1,"17":1},"f":{"0":1},"b":{"0":[1,1]},"_coverageSchema":"1a1c01bbd47fc00a2c39e90264f33305004495a9","hash":"2feaa357361d981d857628f25e3742f4acbc0d60"}
,"/Users/nissim/Documents/dev/wild/alternance2/cm/testing/automated-testing/integration/config/dev.js": {"path":"/Users/nissim/Documents/dev/wild/alternance2/cm/testing/automated-testing/integration/config/dev.js","statementMap":{"0":{"start":{"line":1,"column":0},"end":{"line":8,"column":2}}},"fnMap":{},"branchMap":{},"s":{"0":1},"f":{},"b":{},"_coverageSchema":"1a1c01bbd47fc00a2c39e90264f33305004495a9","hash":"184d97e01e4847dd2a31e8768fc8bedcb784cbae"}
,"/Users/nissim/Documents/dev/wild/alternance2/cm/testing/automated-testing/integration/config/keys.js": {"path":"/Users/nissim/Documents/dev/wild/alternance2/cm/testing/automated-testing/integration/config/keys.js","statementMap":{"0":{"start":{"line":3,"column":0},"end":{"line":8,"column":1}},"1":{"start":{"line":5,"column":2},"end":{"line":5,"column":37}},"2":{"start":{"line":7,"column":2},"end":{"line":7,"column":36}}},"fnMap":{},"branchMap":{"0":{"loc":{"start":{"line":3,"column":0},"end":{"line":8,"column":1}},"type":"if","locations":[{"start":{"line":3,"column":0},"end":{"line":8,"column":1}},{"start":{"line":6,"column":7},"end":{"line":8,"column":1}}],"line":3}},"s":{"0":1,"1":0,"2":1},"f":{},"b":{"0":[0,1]},"_coverageSchema":"1a1c01bbd47fc00a2c39e90264f33305004495a9","hash":"34b53879482663a7420334315a794248ca362fac"}
,"/Users/nissim/Documents/dev/wild/alternance2/cm/testing/automated-testing/integration/middlewares/error.js": {"path":"/Users/nissim/Documents/dev/wild/alternance2/cm/testing/automated-testing/integration/middlewares/error.js","statementMap":{"0":{"start":{"line":1,"column":0},"end":{"line":4,"column":2}},"1":{"start":{"line":2,"column":2},"end":{"line":2,"column":23}},"2":{"start":{"line":3,"column":2},"end":{"line":3,"column":28}}},"fnMap":{"0":{"name":"(anonymous_0)","decl":{"start":{"line":1,"column":17},"end":{"line":1,"column":18}},"loc":{"start":{"line":1,"column":42},"end":{"line":4,"column":1}},"line":1}},"branchMap":{},"s":{"0":1,"1":0,"2":0},"f":{"0":0},"b":{},"_coverageSchema":"1a1c01bbd47fc00a2c39e90264f33305004495a9","hash":"47880964890fe3c25fa1f8ac54428ab195308561"}
,"/Users/nissim/Documents/dev/wild/alternance2/cm/testing/automated-testing/integration/models/Wilder.js": {"path":"/Users/nissim/Documents/dev/wild/alternance2/cm/testing/automated-testing/integration/models/Wilder.js","statementMap":{"0":{"start":{"line":1,"column":17},"end":{"line":1,"column":36}},"1":{"start":{"line":3,"column":21},"end":{"line":7,"column":2}},"2":{"start":{"line":9,"column":15},"end":{"line":9,"column":54}},"3":{"start":{"line":11,"column":0},"end":{"line":11,"column":23}}},"fnMap":{},"branchMap":{},"s":{"0":1,"1":1,"2":1,"3":1},"f":{},"b":{},"_coverageSchema":"1a1c01bbd47fc00a2c39e90264f33305004495a9","hash":"64fbb2685478ecd90f42189bfb033198064a2cdd"}
,"/Users/nissim/Documents/dev/wild/alternance2/cm/testing/automated-testing/integration/ressources/wilder/wilder.controller.js": {"path":"/Users/nissim/Documents/dev/wild/alternance2/cm/testing/automated-testing/integration/ressources/wilder/wilder.controller.js","statementMap":{"0":{"start":{"line":1,"column":16},"end":{"line":1,"column":34}},"1":{"start":{"line":3,"column":15},"end":{"line":3,"column":40}},"2":{"start":{"line":5,"column":15},"end":{"line":5,"column":31}},"3":{"start":{"line":6,"column":0},"end":{"line":6,"column":27}},"4":{"start":{"line":8,"column":0},"end":{"line":18,"column":5}},"5":{"start":{"line":11,"column":20},"end":{"line":11,"column":46}},"6":{"start":{"line":12,"column":4},"end":{"line":12,"column":34}},"7":{"start":{"line":15,"column":19},"end":{"line":15,"column":48}},"8":{"start":{"line":17,"column":4},"end":{"line":17,"column":33}},"9":{"start":{"line":20,"column":0},"end":{"line":41,"column":5}},"10":{"start":{"line":23,"column":4},"end":{"line":28,"column":5}},"11":{"start":{"line":24,"column":21},"end":{"line":24,"column":57}},"12":{"start":{"line":25,"column":6},"end":{"line":25,"column":35}},"13":{"start":{"line":27,"column":6},"end":{"line":27,"column":54}},"14":{"start":{"line":31,"column":15},"end":{"line":31,"column":28}},"15":{"start":{"line":33,"column":4},"end":{"line":40,"column":5}},"16":{"start":{"line":34,"column":22},"end":{"line":36,"column":15}},"17":{"start":{"line":37,"column":6},"end":{"line":37,"column":24}},"18":{"start":{"line":39,"column":6},"end":{"line":39,"column":16}},"19":{"start":{"line":43,"column":0},"end":{"line":43,"column":24}}},"fnMap":{"0":{"name":"(anonymous_0)","decl":{"start":{"line":10,"column":7},"end":{"line":10,"column":8}},"loc":{"start":{"line":10,"column":33},"end":{"line":13,"column":3}},"line":10},"1":{"name":"(anonymous_1)","decl":{"start":{"line":14,"column":8},"end":{"line":14,"column":9}},"loc":{"start":{"line":14,"column":28},"end":{"line":18,"column":3}},"line":14},"2":{"name":"(anonymous_2)","decl":{"start":{"line":22,"column":7},"end":{"line":22,"column":8}},"loc":{"start":{"line":22,"column":27},"end":{"line":29,"column":3}},"line":22},"3":{"name":"(anonymous_3)","decl":{"start":{"line":30,"column":7},"end":{"line":30,"column":8}},"loc":{"start":{"line":30,"column":27},"end":{"line":41,"column":3}},"line":30}},"branchMap":{},"s":{"0":1,"1":1,"2":1,"3":1,"4":1,"5":1,"6":1,"7":0,"8":0,"9":1,"10":2,"11":2,"12":1,"13":1,"14":0,"15":0,"16":0,"17":0,"18":0,"19":1},"f":{"0":1,"1":0,"2":2,"3":0},"b":{},"_coverageSchema":"1a1c01bbd47fc00a2c39e90264f33305004495a9","hash":"0ca9939f566eeadd0fbc8454d6dc0120a230dc5f"}
,"/Users/nissim/Documents/dev/wild/alternance2/cm/testing/automated-testing/integration/ressources/wilder/wilder.model.js": {"path":"/Users/nissim/Documents/dev/wild/alternance2/cm/testing/automated-testing/integration/ressources/wilder/wilder.model.js","statementMap":{"0":{"start":{"line":1,"column":17},"end":{"line":1,"column":36}},"1":{"start":{"line":3,"column":21},"end":{"line":16,"column":2}},"2":{"start":{"line":18,"column":0},"end":{"line":18,"column":55}}},"fnMap":{},"branchMap":{},"s":{"0":1,"1":1,"2":1},"f":{},"b":{},"_coverageSchema":"1a1c01bbd47fc00a2c39e90264f33305004495a9","hash":"255bc9cd9a618b37a0f1f052d32eb0e8abd21d48"}
,"/Users/nissim/Documents/dev/wild/alternance2/cm/testing/automated-testing/integration/utilities/connect.js": {"path":"/Users/nissim/Documents/dev/wild/alternance2/cm/testing/automated-testing/integration/utilities/connect.js","statementMap":{"0":{"start":{"line":1,"column":17},"end":{"line":1,"column":36}},"1":{"start":{"line":2,"column":13},"end":{"line":2,"column":38}},"2":{"start":{"line":4,"column":0},"end":{"line":14,"column":2}},"3":{"start":{"line":5,"column":2},"end":{"line":13,"column":3}},"4":{"start":{"line":7,"column":16},"end":{"line":9,"column":5}},"5":{"start":{"line":10,"column":4},"end":{"line":10,"column":52}},"6":{"start":{"line":12,"column":4},"end":{"line":12,"column":31}}},"fnMap":{"0":{"name":"connect","decl":{"start":{"line":4,"column":32},"end":{"line":4,"column":39}},"loc":{"start":{"line":4,"column":42},"end":{"line":14,"column":1}},"line":4}},"branchMap":{"0":{"loc":{"start":{"line":8,"column":6},"end":{"line":8,"column":76}},"type":"cond-expr","locations":[{"start":{"line":8,"column":40},"end":{"line":8,"column":59}},{"start":{"line":8,"column":62},"end":{"line":8,"column":76}}],"line":8}},"s":{"0":1,"1":1,"2":1,"3":1,"4":1,"5":1,"6":0},"f":{"0":1},"b":{"0":[1,0]},"_coverageSchema":"1a1c01bbd47fc00a2c39e90264f33305004495a9","hash":"62a575f411eb2a07f456fb97ed6bf61d44510112"}
}
